<?xml version="1.0" encoding="UTF-8"?>
<testsuite name="com.example.s26844_bank.controllerUnit.UserAcountControllerUnitTest" tests="2" skipped="0" failures="0" errors="0" timestamp="2024-01-28T16:23:00" hostname="GDA311-02" time="1.198">
  <properties/>
  <testcase name="createUserAccountTest()" classname="com.example.s26844_bank.controllerUnit.UserAcountControllerUnitTest" time="1.185"/>
  <testcase name="getUserAccountByPathVariableTest()" classname="com.example.s26844_bank.controllerUnit.UserAcountControllerUnitTest" time="0.006"/>
  <system-out><![CDATA[]]></system-out>
  <system-err><![CDATA[]]></system-err>
</testsuite>
